c:\users\igindac\source\repos\consoleapplication1\reviewrestapi\debug\reviewrestapi.pch
c:\users\igindac\source\repos\consoleapplication1\reviewrestapi\debug\vc141.pdb
c:\users\igindac\source\repos\consoleapplication1\reviewrestapi\debug\vc141.idb
c:\users\igindac\source\repos\consoleapplication1\reviewrestapi\debug\pch.obj
c:\users\igindac\source\repos\consoleapplication1\reviewrestapi\debug\reviewrestapi.obj
c:\users\igindac\source\repos\consoleapplication1\debug\reviewrestapi.ilk
c:\users\igindac\source\repos\consoleapplication1\debug\reviewrestapi.exe
c:\users\igindac\source\repos\consoleapplication1\debug\reviewrestapi.pdb
c:\users\igindac\source\repos\consoleapplication1\reviewrestapi\debug\vcpkg.applocal.log
c:\users\igindac\source\repos\consoleapplication1\debug\cpprest_2_10d.dll
c:\users\igindac\source\repos\consoleapplication1\debug\boost_date_time-vc141-mt-gd-x32-1_69.dll
c:\users\igindac\source\repos\consoleapplication1\debug\ssleay32.dll
c:\users\igindac\source\repos\consoleapplication1\debug\libeay32.dll
c:\users\igindac\source\repos\consoleapplication1\debug\zlibd1.dll
c:\users\igindac\source\repos\consoleapplication1\reviewrestapi\debug\reviewrestapi.tlog\cl.command.1.tlog
c:\users\igindac\source\repos\consoleapplication1\reviewrestapi\debug\reviewrestapi.tlog\cl.read.1.tlog
c:\users\igindac\source\repos\consoleapplication1\reviewrestapi\debug\reviewrestapi.tlog\cl.write.1.tlog
c:\users\igindac\source\repos\consoleapplication1\reviewrestapi\debug\reviewrestapi.tlog\link.command.1.tlog
c:\users\igindac\source\repos\consoleapplication1\reviewrestapi\debug\reviewrestapi.tlog\link.read.1.tlog
c:\users\igindac\source\repos\consoleapplication1\reviewrestapi\debug\reviewrestapi.tlog\link.write.1.tlog
c:\users\igindac\source\repos\consoleapplication1\reviewrestapi\debug\reviewrestapi.tlog\reviewrestapi.write.1u.tlog
