c:\users\igindac\source\repos\consoleapplication1\reviewrestapi\release\reviewrestapi.pch
c:\users\igindac\source\repos\consoleapplication1\reviewrestapi\release\vc141.pdb
c:\users\igindac\source\repos\consoleapplication1\reviewrestapi\release\pch.obj
c:\users\igindac\source\repos\consoleapplication1\reviewrestapi\release\reviewrestapi.obj
c:\users\igindac\source\repos\consoleapplication1\release\reviewrestapi.exe
c:\users\igindac\source\repos\consoleapplication1\release\reviewrestapi.pdb
c:\users\igindac\source\repos\consoleapplication1\release\reviewrestapi.ipdb
c:\users\igindac\source\repos\consoleapplication1\release\reviewrestapi.iobj
c:\users\igindac\source\repos\consoleapplication1\reviewrestapi\release\vcpkg.applocal.log
c:\users\igindac\source\repos\consoleapplication1\release\cpprest_2_10.dll
c:\users\igindac\source\repos\consoleapplication1\release\boost_date_time-vc141-mt-x32-1_69.dll
c:\users\igindac\source\repos\consoleapplication1\release\ssleay32.dll
c:\users\igindac\source\repos\consoleapplication1\release\libeay32.dll
c:\users\igindac\source\repos\consoleapplication1\release\zlib1.dll
c:\users\igindac\source\repos\consoleapplication1\reviewrestapi\release\reviewrestapi.tlog\cl.command.1.tlog
c:\users\igindac\source\repos\consoleapplication1\reviewrestapi\release\reviewrestapi.tlog\cl.read.1.tlog
c:\users\igindac\source\repos\consoleapplication1\reviewrestapi\release\reviewrestapi.tlog\cl.write.1.tlog
c:\users\igindac\source\repos\consoleapplication1\reviewrestapi\release\reviewrestapi.tlog\link.command.1.tlog
c:\users\igindac\source\repos\consoleapplication1\reviewrestapi\release\reviewrestapi.tlog\link.read.1.tlog
c:\users\igindac\source\repos\consoleapplication1\reviewrestapi\release\reviewrestapi.tlog\link.write.1.tlog
c:\users\igindac\source\repos\consoleapplication1\reviewrestapi\release\reviewrestapi.tlog\reviewrestapi.write.1u.tlog
