Build started 3/3/2019 8:11:56 PM.
     1>Project "C:\Users\igindac\source\repos\ConsoleApplication1\ConsoleApplication1\ConsoleApplication1.vcxproj" on node 2 (Rebuild target(s)).
     1>_PrepareForClean:
         Deleting file "Release\ClientRestApi.tlog\ClientRestApi.lastbuildstate".
       InitializeBuildStatus:
         Touching "Release\ClientRestApi.tlog\unsuccessfulbuild".
       VcpkgTripletSelection:
         Using triplet "x86-windows" from "C:\Users\igindac\source\repos\ConsoleApplication1\packages\vcpkg-export-20190301-232129.1.0.0\installed\x86-windows\"
       ClCompile:
         C:\Program Files (x86)\Microsoft Visual Studio\2017\Professional\VC\Tools\MSVC\14.15.26726\bin\HostX86\x86\CL.exe /c /I../ /I"C:\Users\igindac\source\repos\ConsoleApplication1\packages\vcpkg-export-20190301-232129.1.0.0\installed\x86-windows\include" /Zi /nologo /W3 /WX- /diagnostics:classic /sdl /O2 /Oi /Oy- /GL /D WIN32 /D NDEBUG /D _CONSOLE /D _UNICODE /D UNICODE /Gm- /EHsc /MD /GS /Gy /fp:precise /permissive- /Zc:wchar_t /Zc:forScope /Zc:inline /Yc"pch.h" /Fp"Release\ClientRestApi.pch" /Fo"Release\\" /Fd"Release\vc141.pdb" /Gd /TP /analyze- /FC /errorReport:prompt pch.cpp
         pch.cpp
         C:\Program Files (x86)\Microsoft Visual Studio\2017\Professional\VC\Tools\MSVC\14.15.26726\bin\HostX86\x86\CL.exe /c /I../ /I"C:\Users\igindac\source\repos\ConsoleApplication1\packages\vcpkg-export-20190301-232129.1.0.0\installed\x86-windows\include" /Zi /nologo /W3 /WX- /diagnostics:classic /sdl /O2 /Oi /Oy- /GL /D WIN32 /D NDEBUG /D _CONSOLE /D _UNICODE /D UNICODE /Gm- /EHsc /MD /GS /Gy /fp:precise /permissive- /Zc:wchar_t /Zc:forScope /Zc:inline /Yu"pch.h" /Fp"Release\ClientRestApi.pch" /Fo"Release\\" /Fd"Release\vc141.pdb" /Gd /TP /analyze- /FC /errorReport:prompt ClientRestApi.cpp
         ClientRestApi.cpp
     1>c:\users\igindac\source\repos\consoleapplication1\consoleapplication1\clientrestapi.cpp(17): fatal error C1083: Cannot open include file: 'utils.h': No such file or directory
     1>Done Building Project "C:\Users\igindac\source\repos\ConsoleApplication1\ConsoleApplication1\ConsoleApplication1.vcxproj" (Rebuild target(s)) -- FAILED.

Build FAILED.

       "C:\Users\igindac\source\repos\ConsoleApplication1\ConsoleApplication1\ConsoleApplication1.vcxproj" (Rebuild target) (1) ->
       (ClCompile target) -> 
         c:\users\igindac\source\repos\consoleapplication1\consoleapplication1\clientrestapi.cpp(17): fatal error C1083: Cannot open include file: 'utils.h': No such file or directory

    0 Warning(s)
    1 Error(s)

Time Elapsed 00:00:01.57
