c:\users\igindac\source\repos\consoleapplication1\consoleapplication1\debug\clientrestapi.pch
c:\users\igindac\source\repos\consoleapplication1\consoleapplication1\debug\vc141.pdb
c:\users\igindac\source\repos\consoleapplication1\consoleapplication1\debug\vc141.idb
c:\users\igindac\source\repos\consoleapplication1\consoleapplication1\debug\pch.obj
c:\users\igindac\source\repos\consoleapplication1\consoleapplication1\debug\clientrestapi.obj
c:\users\igindac\source\repos\consoleapplication1\consoleapplication1\debug\vcpkg.applocal.log
c:\users\igindac\source\repos\consoleapplication1\debug\cpprest_2_10d.dll
c:\users\igindac\source\repos\consoleapplication1\debug\boost_date_time-vc141-mt-gd-x32-1_69.dll
c:\users\igindac\source\repos\consoleapplication1\debug\ssleay32.dll
c:\users\igindac\source\repos\consoleapplication1\debug\libeay32.dll
c:\users\igindac\source\repos\consoleapplication1\debug\zlibd1.dll
c:\users\igindac\source\repos\consoleapplication1\debug\clientrestapi.ilk
c:\users\igindac\source\repos\consoleapplication1\debug\clientrestapi.exe
c:\users\igindac\source\repos\consoleapplication1\debug\clientrestapi.pdb
c:\users\igindac\source\repos\consoleapplication1\consoleapplication1\debug\clientrestapi.tlog\cl.command.1.tlog
c:\users\igindac\source\repos\consoleapplication1\consoleapplication1\debug\clientrestapi.tlog\cl.read.1.tlog
c:\users\igindac\source\repos\consoleapplication1\consoleapplication1\debug\clientrestapi.tlog\cl.write.1.tlog
c:\users\igindac\source\repos\consoleapplication1\consoleapplication1\debug\clientrestapi.tlog\clientrestapi.write.1u.tlog
c:\users\igindac\source\repos\consoleapplication1\consoleapplication1\debug\clientrestapi.tlog\link.command.1.tlog
c:\users\igindac\source\repos\consoleapplication1\consoleapplication1\debug\clientrestapi.tlog\link.read.1.tlog
c:\users\igindac\source\repos\consoleapplication1\consoleapplication1\debug\clientrestapi.tlog\link.write.1.tlog
